<?xml version="1.0" encoding="UTF-8"?>
<testng-results skipped="0" failed="0" ignored="0" total="1" passed="1">
  <reporter-output>
  </reporter-output>
  <suite name="Default Suite" duration-ms="23306" started-at="2019-08-28T12:25:46Z" finished-at="2019-08-28T12:26:10Z">
    <groups>
    </groups>
    <test name="Appium" duration-ms="23306" started-at="2019-08-28T12:25:46Z" finished-at="2019-08-28T12:26:10Z">
      <class name="appium">
        <test-method status="PASS" signature="app()[pri:0, instance:appium@617faa95]" name="app" duration-ms="23217" started-at="2019-08-28T12:25:46Z" finished-at="2019-08-28T12:26:10Z">
          <reporter-output>
          </reporter-output>
        </test-method> <!-- app -->
      </class> <!-- appium -->
    </test> <!-- Appium -->
  </suite> <!-- Default Suite -->
</testng-results>
